        -:    0:Source:D:/Study/6_semester/Tehnologia programmirovaniya/1/utils.h
        -:    0:Graph:D:\Study\6_semester\Tehnologia programmirovaniya\1\cmake-build-debug-coverage\CMakeFiles\1.dir\temp.cpp.gcno
        -:    0:Data:D:\Study\6_semester\Tehnologia programmirovaniya\1\cmake-build-debug-coverage\CMakeFiles\1.dir\temp.cpp.gcda
        -:    0:Runs:1
        -:    0:Programs:1
        -:    1:#pragma once
        -:    2:
        -:    3:#include <vector>
        -:    4:
        -:    5:#include "consistent_linked_list.h"
        -:    6:
        -:    7:template<typename T>
        2:    8:std::vector<T> get_vec(const std::initializer_list<T> &list) {
        2:    9:    return std::vector<T>(list);
        2:    9-block  0
        2:    9-block  1
        2:    9-block  2
    $$$$$:    9-block  3
        -:   10:}
        -:   11:
        -:   12:template<typename T>
        3:   13:void fill_range(consistent_linked_list<T> &list, const T &left, const T &right) {
      303:   14:    for (int i = left; i <= right; ++i) {
        3:   14-block  0
      303:   14-block  1
      300:   14-block  2
      300:   15:        list.push_back(i);
      300:   15-block  0
        -:   16:    }
        3:   17:}
        3:   17-block  0
        -:   18:
        -:   19:template<typename T>
      798:   20:T rand(const T &left, const T &right) {
      798:   21:    return (int) left + rand() % ((int) right - (int) left + 1);
        -:   22:}
------------------
_Z4randIiET_RKS0_S2_:
      300:   20:T rand(const T &left, const T &right) {
      300:   21:    return (int) left + rand() % ((int) right - (int) left + 1);
      300:   21-block  0
        -:   22:}
------------------
_Z4randIdET_RKS0_S2_:
      498:   20:T rand(const T &left, const T &right) {
      498:   21:    return (int) left + rand() % ((int) right - (int) left + 1);
      498:   21-block  0
        -:   22:}
------------------
        -:   23:
        -:   24:template<typename T>
        2:   25:void fill_random(consistent_linked_list<T> &list, const int &n, const T &left, const T &right) {
      202:   26:    for (int i = 0; i < n; ++i) {
        2:   26-block  0
      202:   26-block  1
      200:   26-block  2
      200:   27:        T rnd_number = rand(left, right);
      200:   27-block  0
      200:   28:        list.push_back(rnd_number);
        -:   29:    }
        2:   30:}
        2:   30-block  0
